<?xml version="1.0" encoding="UTF-8"?>
<testng-results ignored="0" total="1" passed="1" failed="0" skipped="0">
  <reporter-output>
  </reporter-output>
  <suite started-at="2021-12-15T10:41:14 EST" name="Default suite" finished-at="2021-12-15T10:42:18 EST" duration-ms="64621">
    <groups>
    </groups>
    <test started-at="2021-12-15T10:41:14 EST" name="Default test" finished-at="2021-12-15T10:42:18 EST" duration-ms="64621">
      <class name="buyBookOnline.Run_OrderBookOnline">
        <test-method is-config="true" signature="openDriver()[pri:0, instance:buyBookOnline.Run_OrderBookOnline@593aaf41]" started-at="2021-12-15T10:41:11 EST" name="openDriver" finished-at="2021-12-15T10:41:14 EST" duration-ms="2577" status="PASS">
          <reporter-output>
          </reporter-output>
        </test-method> <!-- openDriver -->
        <test-method signature="visit_Site()[pri:0, instance:buyBookOnline.Run_OrderBookOnline@593aaf41]" started-at="2021-12-15T10:41:14 EST" name="visit_Site" finished-at="2021-12-15T10:42:18 EST" duration-ms="64589" status="PASS">
          <reporter-output>
          </reporter-output>
        </test-method> <!-- visit_Site -->
        <test-method is-config="true" signature="driverClose()[pri:0, instance:buyBookOnline.Run_OrderBookOnline@593aaf41]" started-at="2021-12-15T10:42:18 EST" name="driverClose" finished-at="2021-12-15T10:42:18 EST" duration-ms="128" status="PASS">
          <reporter-output>
          </reporter-output>
        </test-method> <!-- driverClose -->
      </class> <!-- buyBookOnline.Run_OrderBookOnline -->
    </test> <!-- Default test -->
  </suite> <!-- Default suite -->
</testng-results>
